<?xml version="1.0" encoding="UTF-8"?>
<testsuite name="order.app.OrderServiceAppWithOfferTest" tests="2" skipped="0" failures="0" errors="0" timestamp="2021-02-01T16:13:14" hostname="Saitejas-MacBook-Pro.local" time="0.013">
  <properties/>
  <testcase name="testAddOrangeProductsWithBuy3InGet2Price" classname="order.app.OrderServiceAppWithOfferTest" time="0.012"/>
  <testcase name="testAddAppleProductsWithBuyOneGetOne" classname="order.app.OrderServiceAppWithOfferTest" time="0.001"/>
  <system-out><![CDATA[]]></system-out>
  <system-err><![CDATA[]]></system-err>
</testsuite>
